<?xml version="1.0" encoding="UTF-8"?>
<!-- Generated by org.testng.reporters.JUnitXMLReporter -->
<testsuite ignored="0" hostname="Rituchahar" failures="1" tests="3" name="submit order" time="46.97" errors="0" timestamp="2025-06-30T19:17:42 IST">
  <testcase classname="qaTeam.seleniumTestFrameWork.SubmitOrderTest" name="submitOrder" time="9.135"/>
  <testcase classname="qaTeam.seleniumTestFrameWork.SubmitOrderTest" name="submitOrder" time="8.034"/>
  <testcase classname="qaTeam.seleniumTestFrameWork.SubmitOrderTest" name="ordersHistory" time="5.872">
    <failure type="java.lang.AssertionError" message="Latest order product name does not match. expected [ZARA COAT 3] but found [ADIDAS ORIGINAL]">
      <![CDATA[java.lang.AssertionError: Latest order product name does not match. expected [ZARA COAT 3] but found [ADIDAS ORIGINAL]
at qaTeam.seleniumTestFrameWork.SubmitOrderTest.ordersHistory(SubmitOrderTest.java:72)
at java.base/java.util.ArrayList.forEach(ArrayList.java:1511)
at java.base/java.util.concurrent.FutureTask.run(FutureTask.java:264)
at java.base/java.util.concurrent.ThreadPoolExecutor.runWorker(ThreadPoolExecutor.java:1136)
at java.base/java.util.concurrent.ThreadPoolExecutor$Worker.run(ThreadPoolExecutor.java:635)
at java.base/java.lang.Thread.run(Thread.java:842)
... Removed 22 stack frames]]>
    </failure>
  </testcase> <!-- ordersHistory -->
</testsuite> <!-- submit order -->
